<?xml version="1.0" encoding="UTF-8" ?>
<testsuite tests="8" failures="0" name="TestSuite" time="52.859" errors="0" skipped="0">
  <properties>
    <property name="PROCESSOR_ARCHITECTURE" value="x86"/>
    <property name="file.encoding.pkg" value="sun.io"/>
    <property name="LOGONSERVER" value="\\DVCIDC1"/>
    <property name="ProgramData" value="C:\ProgramData"/>
    <property name="java.home" value="C:\Program Files (x86)\Java\jre1.8.0_201"/>
    <property name="NODE_NAME" value="master"/>
    <property name="JENKINS_URL" value="http://localhost:8080/"/>
    <property name="ALLUSERSPROFILE" value="C:\ProgramData"/>
    <property name="java.endorsed.dirs" value="C:\Program Files (x86)\Java\jre1.8.0_201\lib\endorsed"/>
    <property name="OneDriveCommercial" value="C:\Users\siddharp\OneDrive - AMDOCS"/>
    <property name="PSModulePath" value="C:\Program Files\WindowsPowerShell\Modules;C:\WINDOWS\system32\WindowsPowerShell\v1.0\Modules;C:\Program Files (x86)\Microsoft Azure Information Protection\Powershell"/>
    <property name="=::" value="::\"/>
    <property name="USERDOMAIN" value="NTNET"/>
    <property name="sun.os.patch.level" value=""/>
    <property name="java.vendor.url" value="http://java.oracle.com/"/>
    <property name="CommonProgramFiles(x86)" value="C:\Program Files (x86)\Common Files"/>
    <property name="java.version" value="1.8.0_201"/>
    <property name="JOB_NAME" value="JobHackathon"/>
    <property name="COMPUTERNAME" value="SIDDHARP01"/>
    <property name="java.vendor.url.bug" value="http://bugreport.sun.com/bugreport/"/>
    <property name="PUBLIC" value="C:\Users\Public"/>
    <property name="user.name" value="siddharp"/>
    <property name="sun.io.unicode.encoding" value="UnicodeLittle"/>
    <property name="sun.jnu.encoding" value="Cp1252"/>
    <property name="java.runtime.name" value="Java(TM) SE Runtime Environment"/>
    <property name="windir" value="C:\WINDOWS"/>
    <property name="PROCESSOR_IDENTIFIER" value="Intel64 Family 6 Model 78 Stepping 3, GenuineIntel"/>
    <property name="java.specification.name" value="Java Platform API Specification"/>
    <property name="LOCALAPPDATA" value="C:\Users\siddharp\AppData\Local"/>
    <property name="RUN_CHANGES_DISPLAY_URL" value="http://localhost:8080/job/JobHackathon/2/display/redirect?page=changes"/>
    <property name="user.timezone" value="Asia/Calcutta"/>
    <property name="PROCESSOR_ARCHITEW6432" value="AMD64"/>
    <property name="user.script" value=""/>
    <property name="path.separator" value=";"/>
    <property name="NUMBER_OF_PROCESSORS" value="4"/>
    <property name="BUILD_TAG" value="jenkins-JobHackathon-2"/>
    <property name="file.encoding" value="Cp1252"/>
    <property name="sun.java.command" value="jenkins.maven3.agent.Maven35Main C:\apache-maven-3.5.3 C:\Users\siddharp\.jenkins\war\WEB-INF\lib\remoting-4.2.jar C:\Users\siddharp\.jenkins\plugins\maven-plugin\WEB-INF\lib\maven35-interceptor-1.12-alpha-1.jar C:\Users\siddharp\.jenkins\plugins\maven-plugin\WEB-INF\lib\maven3-interceptor-commons-1.12-alpha-1.jar 1104"/>
    <property name="HUDSON_URL" value="http://localhost:8080/"/>
    <property name="JENKINS_SERVER_COOKIE" value="6633cd1a756806cb"/>
    <property name="=D:" value="D:\"/>
    <property name="EXECUTOR_NUMBER" value="1"/>
    <property name="Path" value="O:\ora11202w\BIN;C:\Program Files (x86)\Common Files\Oracle\Java\javapath;C:\Program Files (x86)\IDM Computer Solutions\UltraEdit\;C:\ProgramData\Oracle\Java\javapath;C:\Program Files (x86)\RSA SecurID Token Common;C:\WINDOWS\system32;C:\WINDOWS;C:\WINDOWS\System32\Wbem;C:\WINDOWS\System32\WindowsPowerShell\v1.0\;C:\Program Files\TortoiseSVN\bin;C:\apache-maven-3.5.3\bin;C:\Program Files\Java\jdk1.8.0_144\bin;C:\Program Files\Intel\WiFi\bin\;C:\Program Files\Common Files\Intel\WirelessCommon\;C:\Program Files\Git\cmd;C:\Program Files\Java\jre1.8.0_144;C:\Android;C:\Windows\System32;C:\Program Files (x86)\Symantec\VIP Access Client\;C:\Program Files (x86)\Cisco\Cisco AnyConnect Secure Mobility Client\;C:\Program Files (x86)\Intel\Intel(R) Management Engine Components\DAL;C:\Program Files\Intel\Intel(R) Management Engine Components\DAL;C:\Program Files\nodejs\;C:\WINDOWS\system32;C:\WINDOWS;C:\WINDOWS\System32\Wbem;C:\WINDOWS\System32\WindowsPowerShell\v1.0\;C:\WINDOWS\System32\OpenSSH\;C:\nltk_data;C:\Program Files (x86)\PuTTY\;C:\Python27;C:\Users\siddharp\AppData\Roaming\npm;%USERPROFILE%\AppData\Local\Microsoft\WindowsApps;"/>
    <property name="GIT_COMMIT" value="918eed911b2e313e20cc46545cfe35c46953f9bc"/>
    <property name="GIT_COMMITTER_NAME" value="spolke"/>
    <property name="java.io.tmpdir" value="C:\Users\siddharp\AppData\Local\Temp\"/>
    <property name="APPDATA" value="C:\Users\siddharp\AppData\Roaming"/>
    <property name="user.language" value="en"/>
    <property name="line.separator" value="
"/>
    <property name="BUILD_URL" value="http://localhost:8080/job/JobHackathon/2/"/>
    <property name="M2_HOME" value="C:\apache-maven-3.5.3"/>
    <property name="=C:" value="C:\Program Files (x86)\Jenkins"/>
    <property name="java.vm.info" value="mixed mode"/>
    <property name="DriverData" value="C:\Windows\System32\Drivers\DriverData"/>
    <property name="sun.desktop" value="windows"/>
    <property name="java.vm.specification.name" value="Java Virtual Machine Specification"/>
    <property name="BUILD_DISPLAY_NAME" value="#2"/>
    <property name="OS" value="Windows_NT"/>
    <property name="=O:" value="O:\"/>
    <property name="guice.disable.misplaced.annotation.check" value="true"/>
    <property name="HUDSON_SERVER_COOKIE" value="6633cd1a756806cb"/>
    <property name="JRE_HOME" value="C:\Program Files\Java\jre1.8.0_144"/>
    <property name="WORKSPACE_TMP" value="C:\Users\siddharp\.jenkins\workspace\JobHackathon@tmp"/>
    <property name="MAVEN_HOME" value="C:\apache-maven-3.5.3"/>
    <property name="SESSIONNAME" value="Console"/>
    <property name="PATHEXT" value=".COM;.EXE;.BAT;.CMD;.VBS;.VBE;.JS;.JSE;.WSF;.WSH;.MSC"/>
    <property name="java.awt.printerjob" value="sun.awt.windows.WPrinterJob"/>
    <property name="maven3.interceptor.common" value="C:\Users\siddharp\.jenkins\plugins\maven-plugin\WEB-INF\lib\maven3-interceptor-commons-1.12-alpha-1.jar"/>
    <property name="CLASSPATH" value=""/>
    <property name="HOMEPATH" value="\Users\siddharp"/>
    <property name="=Z:" value="Z:\"/>
    <property name="os.name" value="Windows 10"/>
    <property name="java.specification.vendor" value="Oracle Corporation"/>
    <property name="java.vm.name" value="Java HotSpot(TM) Client VM"/>
    <property name="BUILD_NUMBER" value="2"/>
    <property name="maven3.interceptor" value="C:\Users\siddharp\.jenkins\plugins\maven-plugin\WEB-INF\lib\maven35-interceptor-1.12-alpha-1.jar"/>
    <property name="java.library.path" value="C:\Program Files (x86)\Common Files\Oracle\Java\javapath;C:\WINDOWS\Sun\Java\bin;C:\WINDOWS\system32;C:\WINDOWS;C:\apache-maven-3.5.3/bin;O:\ora11202w\BIN;C:\Program Files (x86)\Common Files\Oracle\Java\javapath;C:\Program Files (x86)\IDM Computer Solutions\UltraEdit\;C:\ProgramData\Oracle\Java\javapath;C:\Program Files (x86)\RSA SecurID Token Common;C:\WINDOWS\system32;C:\WINDOWS;C:\WINDOWS\System32\Wbem;C:\WINDOWS\System32\WindowsPowerShell\v1.0\;C:\Program Files\TortoiseSVN\bin;C:\apache-maven-3.5.3\bin;C:\Program Files\Java\jdk1.8.0_144\bin;C:\Program Files\Intel\WiFi\bin\;C:\Program Files\Common Files\Intel\WirelessCommon\;C:\Program Files\Git\cmd;C:\Program Files\Java\jre1.8.0_144;C:\Android;C:\Windows\System32;C:\Program Files (x86)\Symantec\VIP Access Client\;C:\Program Files (x86)\Cisco\Cisco AnyConnect Secure Mobility Client\;C:\Program Files (x86)\Intel\Intel(R) Management Engine Components\DAL;C:\Program Files\Intel\Intel(R) Management Engine Components\DAL;C:\Program Files\nodejs\;C:\WINDOWS\system32;C:\WINDOWS;C:\WINDOWS\System32\Wbem;C:\WINDOWS\System32\WindowsPowerShell\v1.0\;C:\WINDOWS\System32\OpenSSH\;C:\nltk_data;C:\Program Files (x86)\PuTTY\;C:\Python27;C:\Users\siddharp\AppData\Roaming\npm;%USERPROFILE%\AppData\Local\Microsoft\WindowsApps;;."/>
    <property name="HOMEDRIVE" value="C:"/>
    <property name="java.class.version" value="52.0"/>
    <property name="JOB_URL" value="http://localhost:8080/job/JobHackathon/"/>
    <property name="=Y:" value="Y:\"/>
    <property name="OneDrive" value="C:\Users\siddharp\OneDrive - AMDOCS"/>
    <property name="GIT_BRANCH" value="origin/master"/>
    <property name="RUN_DISPLAY_URL" value="http://localhost:8080/job/JobHackathon/2/display/redirect"/>
    <property name="VBOX_MSI_INSTALL_PATH" value="C:\Program Files\Oracle\VirtualBox\"/>
    <property name="JENKINS_HOME" value="C:\Users\siddharp\.jenkins"/>
    <property name="BUILD_ID" value="2"/>
    <property name="TEMP" value="C:\Users\siddharp\AppData\Local\Temp"/>
    <property name="sun.boot.library.path" value="C:\Program Files (x86)\Java\jre1.8.0_201\bin"/>
    <property name="sun.management.compiler" value="HotSpot Client Compiler"/>
    <property name="java.awt.graphicsenv" value="sun.awt.Win32GraphicsEnvironment"/>
    <property name="user.variant" value=""/>
    <property name="PROCESSOR_REVISION" value="4e03"/>
    <property name="suiteXmlFile" value="testng.xml"/>
    <property name="HUDSON_HOME" value="C:\Users\siddharp\.jenkins"/>
    <property name="ProgramFiles(x86)" value="C:\Program Files (x86)"/>
    <property name="PATH+MAVEN" value="C:\apache-maven-3.5.3/bin"/>
    <property name="=X:" value="X:\"/>
    <property name="USERDOMAIN_ROAMINGPROFILE" value="NTNET"/>
    <property name="PROMPT" value="$P$G"/>
    <property name="java.vm.specification.version" value="1.8"/>
    <property name="JAVA_HOME" value="C:\Program Files\Java\jdk1.8.0_144"/>
    <property name="awt.toolkit" value="sun.awt.windows.WToolkit"/>
    <property name="NODE_LABELS" value="master"/>
    <property name="sun.cpu.isalist" value="pentium_pro+mmx pentium_pro pentium+mmx pentium i486 i386 i86"/>
    <property name="USERPROFILE" value="C:\Users\siddharp"/>
    <property name="JOB_DISPLAY_URL" value="http://localhost:8080/job/JobHackathon/display/redirect"/>
    <property name="java.ext.dirs" value="C:\Program Files (x86)\Java\jre1.8.0_201\lib\ext;C:\WINDOWS\Sun\Java\lib\ext"/>
    <property name="os.version" value="10.0"/>
    <property name="user.home" value="C:\Users\siddharp"/>
    <property name="USERNAME" value="siddharp"/>
    <property name="java.vm.vendor" value="Oracle Corporation"/>
    <property name="PROCESSOR_LEVEL" value="6"/>
    <property name="USERDNSDOMAIN" value="CORP.AMDOCS.COM"/>
    <property name="CommonProgramW6432" value="C:\Program Files\Common Files"/>
    <property name="user.dir" value="C:\Hackathon\cthackathonplaincoderepo\testautomationcode"/>
    <property name="maven.conf" value="C:\apache-maven-3.5.3\conf"/>
    <property name="ProgramW6432" value="C:\Program Files"/>
    <property name="TMP" value="C:\Users\siddharp\AppData\Local\Temp"/>
    <property name="UATDATA" value="C:\WINDOWS\CCM\UATData\D9F8C395-CAB8-491d-B8AC-179A1FE1BE77"/>
    <property name="sun.cpu.endian" value="little"/>
    <property name="SystemDrive" value="C:"/>
    <property name="java.vm.version" value="25.201-b09"/>
    <property name="java.class.path" value="C:\Users\siddharp\.jenkins\plugins\maven-plugin\WEB-INF\lib\maven35-agent-1.12-alpha-1.jar;C:\apache-maven-3.5.3\boot\plexus-classworlds-2.5.2.jar;C:\apache-maven-3.5.3/conf/logging"/>
    <property name="org.slf4j.simpleLogger.defaultLogLevel" value="info"/>
    <property name="os.arch" value="x86"/>
    <property name="WORKSPACE" value="C:\Users\siddharp\.jenkins\workspace\JobHackathon"/>
    <property name="ComSpec" value="C:\WINDOWS\system32\cmd.exe"/>
    <property name="ANDROID_SDK_HOME" value="C:\Android"/>
    <property name="sun.java.launcher" value="SUN_STANDARD"/>
    <property name="FPS_BROWSER_APP_PROFILE_STRING" value="Internet Explorer"/>
    <property name="SystemRoot" value="C:\WINDOWS"/>
    <property name="CommonProgramFiles" value="C:\Program Files (x86)\Common Files"/>
    <property name="java.vm.specification.vendor" value="Oracle Corporation"/>
    <property name="FPS_BROWSER_USER_PROFILE_STRING" value="Default"/>
    <property name="file.separator" value="\"/>
    <property name="java.runtime.version" value="1.8.0_201-b09"/>
    <property name="ProgramFiles" value="C:\Program Files (x86)"/>
    <property name="sun.boot.class.path" value="C:\Program Files (x86)\Java\jre1.8.0_201\lib\resources.jar;C:\Program Files (x86)\Java\jre1.8.0_201\lib\rt.jar;C:\Program Files (x86)\Java\jre1.8.0_201\lib\sunrsasign.jar;C:\Program Files (x86)\Java\jre1.8.0_201\lib\jsse.jar;C:\Program Files (x86)\Java\jre1.8.0_201\lib\jce.jar;C:\Program Files (x86)\Java\jre1.8.0_201\lib\charsets.jar;C:\Program Files (x86)\Java\jre1.8.0_201\lib\jfr.jar;C:\Program Files (x86)\Java\jre1.8.0_201\classes"/>
    <property name="user.country" value="US"/>
    <property name="maven.home" value="C:\apache-maven-3.5.3"/>
    <property name="JOB_BASE_NAME" value="JobHackathon"/>
    <property name="java.vendor" value="Oracle Corporation"/>
    <property name="GIT_AUTHOR_NAME" value="spolke"/>
    <property name="java.specification.version" value="1.8"/>
    <property name="sun.arch.data.model" value="32"/>
    <property name="GIT_URL" value="https://github.com/siddharp/CityHackathon.git"/>
  </properties>
  <testcase classname="com.amzon.com.SampleTest" name="login" time="10.733"/>
  <testcase classname="com.amzon.com.SampleTest" name="search" time="9.014"/>
  <testcase classname="com.amzon.com.SampleTest" name="searching" time="0.015"/>
  <testcase classname="com.amzon.com.SampleTest" name="select" time="0.018"/>
  <testcase classname="com.amzon.com.SampleTest" name="selecting" time="0.011"/>
  <testcase classname="com.amzon.com.SampleTest" name="book" time="15.012"/>
  <testcase classname="com.amzon.com.SampleTest" name="logout" time="8.906"/>
  <testcase classname="com.amzon.com.Training.AppTest" name="testApp on testApp(com.amzon.com.Training.AppTest)" time="9.15"/>
</testsuite>