<?xml version="1.0" encoding="UTF-8"?>
<!-- Generated by org.testng.reporters.JUnitReportReporter -->
<testsuite skipped="0" hostname="SIDDHARP01" name="com.amzon.com.SampleTest" tests="7" failures="0" timestamp="20 Jun 2020 10:31:07 GMT" time="41.942" errors="0">
  <testcase name="book" time="15.009" classname="com.amzon.com.SampleTest"/>
  <testcase name="login" time="9.020" classname="com.amzon.com.SampleTest"/>
  <testcase name="search" time="9.003" classname="com.amzon.com.SampleTest"/>
  <testcase name="selecting" time="0.002" classname="com.amzon.com.SampleTest"/>
  <testcase name="searching" time="0.005" classname="com.amzon.com.SampleTest"/>
  <testcase name="select" time="0.001" classname="com.amzon.com.SampleTest"/>
  <testcase name="logout" time="8.902" classname="com.amzon.com.SampleTest"/>
</testsuite> <!-- com.amzon.com.SampleTest -->
