<?xml version="1.0" encoding="UTF-8"?>
<!-- Generated by org.testng.reporters.JUnitReportReporter -->
<testsuite skipped="0" hostname="SIDDHARP01" name="com.amzon.com.Login" tests="1" failures="0" timestamp="13 Nov 2019 11:14:48 GMT" time="0.014" errors="0">
  <testcase name="f" time="0.014" classname="com.amzon.com.Login"/>
</testsuite> <!-- com.amzon.com.Login -->
