<?xml version="1.0" encoding="UTF-8"?>
<!-- Generated by org.testng.reporters.JUnitReportReporter -->
<testsuite skipped="0" hostname="SIDDHARP01" name="com.amzon.com.Training.AppTest" tests="1" failures="0" timestamp="22 Jan 2020 10:20:53 GMT" time="0.004" errors="0">
  <testcase name="testApp" time="0.004" classname="com.amzon.com.Training.AppTest"/>
</testsuite> <!-- com.amzon.com.Training.AppTest -->
