<?xml version="1.0" encoding="UTF-8"?>
<!-- Generated by org.testng.reporters.JUnitReportReporter -->
<testsuite skipped="0" hostname="SIDDHARP01" name="com.amzon.com.Training.AppTest" tests="1" failures="0" timestamp="20 Jun 2020 10:45:51 GMT" time="0.001" errors="0">
  <testcase name="testApp" time="0.001" classname="com.amzon.com.Training.AppTest"/>
</testsuite> <!-- com.amzon.com.Training.AppTest -->
